{"logTime": "0518/162119", "correlationVector":"PP6oTqQZa856eC8ut573be.0","action":"FeedSettingFetch_homeCloud", "result":"0", "context":{}}
{"logTime": "0518/162119", "correlationVector":"ZSXW78uqmO03f/e+NzAypS.1","action":"SyncServerConnectionManagerRequest", "result":"SYNC_SERVER_OK", "context":{"environment":"Prod_SoutheastAsia_000j", "migrationStage":"NotStarted", "server":"GENERAL0100001J"}}
{"logTime": "0518/162119", "correlationVector":"ZSXW78uqmO03f/e+NzAypS","action":"Initial GetUpdates", "result":"", "context":Reason: NEW_CLIENT. cV=ZSXW78uqmO03f/e+NzAypS}
{"logTime": "0518/162119", "correlationVector":"ZSXW78uqmO03f/e+NzAypS.2","action":"GetUpdates Response", "result":"SYNCER_OK", "context":Received 1 update(s). cV=ZSXW78uqmO03f/e+NzAypS.0;server=GENERAL0100001J;cloudType=Consumer;environment=Prod_SoutheastAsia_000j;migrationStage=NotStarted}
{"logTime": "0518/162124", "correlationVector":"Xjhj8BAoKmdp0bfrLW6cnl","action":"SyncServerConnectionManagerRequest", "result":"SYNC_SERVER_OK", "context":{"environment":"", "migrationStage":"", "server":""}}
{"logTime": "0518/162125", "correlationVector":"9cyKkUFJi69b+jC+Gq76T1","action":"Initial GetUpdates", "result":"", "context":Reason: NEW_CLIENT. cV=9cyKkUFJi69b+jC+Gq76T1}
{"logTime": "0518/162128", "correlationVector":"9cyKkUFJi69b+jC+Gq76T1.1","action":"SyncServerConnectionManagerRequest", "result":"SYNC_SERVER_OK", "context":{"environment":"Prod_SoutheastAsia_000j", "migrationStage":"NotStarted", "server":"GENERAL01000001"}}
{"logTime": "0518/162128", "correlationVector":"9cyKkUFJi69b+jC+Gq76T1.2","action":"GetUpdates Response", "result":"SYNCER_OK", "context":Received 7 update(s). cV=9cyKkUFJi69b+jC+Gq76T1.0;server=GENERAL01000001;cloudType=Consumer;environment=Prod_SoutheastAsia_000j;migrationStage=NotStarted}
{"logTime": "0518/162128", "correlationVector":"EGMiA5aXAVGWoPslRIPAUW","action":"Normal GetUpdate request", "result":"", "context":cV=EGMiA5aXAVGWoPslRIPAUW
Nudged types: Device Info, User Consents
Refresh requested types: Device Info, User Consents, Send Tab To Self, Encryption Keys}
{"logTime": "0518/162128", "correlationVector":"EGMiA5aXAVGWoPslRIPAUW.1","action":"SyncServerConnectionManagerRequest", "result":"SYNC_SERVER_OK", "context":{"environment":"Prod_SoutheastAsia_000j", "migrationStage":"NotStarted", "server":"GENERAL0100001I"}}
{"logTime": "0518/162128", "correlationVector":"EGMiA5aXAVGWoPslRIPAUW.2","action":"GetUpdates Response", "result":"SYNCER_OK", "context":Received 0 update(s). cV=EGMiA5aXAVGWoPslRIPAUW.0;server=GENERAL0100001I;cloudType=Consumer;environment=Prod_SoutheastAsia_000j;migrationStage=NotStarted}
{"logTime": "0518/162128", "correlationVector":"2Rl3rpJjoSOB+/Pidrsh+b","action":"Commit Request", "result":"", "context":Item count: 1
Contributing types: Device Info}
{"logTime": "0518/162129", "correlationVector":"2Rl3rpJjoSOB+/Pidrsh+b.1","action":"SyncServerConnectionManagerRequest", "result":"SYNC_SERVER_OK", "context":{"environment":"Prod_SoutheastAsia_000j", "migrationStage":"NotStarted", "server":"general01000009"}}
{"logTime": "0518/162129", "correlationVector":"2Rl3rpJjoSOB+/Pidrsh+b.2","action":"Commit Response", "result":"SYNCER_OK", "context":Result: SYNCER_OK. cV=2Rl3rpJjoSOB+/Pidrsh+b.0;server=general01000009;cloudType=Consumer;environment=Prod_SoutheastAsia_000j;migrationStage=NotStarted}
{"logTime": "0518/162129", "correlationVector":"zysuFLMjoT1otTtoOeZy9S","action":"Commit Request", "result":"", "context":Item count: 2
Contributing types: User Consents}
{"logTime": "0518/162129", "correlationVector":"zysuFLMjoT1otTtoOeZy9S.1","action":"SyncServerConnectionManagerRequest", "result":"SYNC_SERVER_OK", "context":{"environment":"Prod_SoutheastAsia_000j", "migrationStage":"NotStarted", "server":"GENERAL0100000J"}}
{"logTime": "0518/162129", "correlationVector":"zysuFLMjoT1otTtoOeZy9S.2","action":"Commit Response", "result":"SYNCER_OK", "context":Result: SYNCER_OK. cV=zysuFLMjoT1otTtoOeZy9S.0;server=GENERAL0100000J;cloudType=Consumer;environment=Prod_SoutheastAsia_000j;migrationStage=NotStarted}
