Flutter crash report.
Please report a bug at https://github.com/flutter/flutter/issues.

## command

flutter pub get https://pub.dev/packages/firebase_core

## exception

FileSystemException: FileSystemException: Exists failed, path = 'C:\Users\simki\Documents\projects\app\lvlup\https://pub.dev/packages/firebase_core' (OS Error: The filename, directory name, or volume label syntax is incorrect.
, errno = 123)

```
#0      _Directory.existsSync (dart:io/directory_impl.dart:92:7)
#1      ForwardingFileSystemEntity.existsSync (package:file/src/forwarding/forwarding_file_system_entity.dart:43:33)
#2      ErrorHandlingDirectory.existsSync.<anonymous closure> (package:flutter_tools/src/base/error_handling_io.dart:492:22)
#3      _runSync (package:flutter_tools/src/base/error_handling_io.dart:590:14)
#4      ErrorHandlingDirectory.existsSync (package:flutter_tools/src/base/error_handling_io.dart:491:12)
#5      findProjectRoot (package:flutter_tools/src/base/os.dart:598:27)
#6      PackagesGetCommand.runCommand (package:flutter_tools/src/commands/packages.dart:252:18)
#7      FlutterCommand.verifyThenRunCommand (package:flutter_tools/src/runner/flutter_command.dart:1568:12)
<asynchronous suspension>
#8      FlutterCommand.run.<anonymous closure> (package:flutter_tools/src/runner/flutter_command.dart:1336:27)
<asynchronous suspension>
#9      AppContext.run.<anonymous closure> (package:flutter_tools/src/base/context.dart:150:19)
<asynchronous suspension>
#10     CommandRunner.runCommand (package:args/command_runner.dart:212:13)
<asynchronous suspension>
#11     FlutterCommandRunner.runCommand.<anonymous closure> (package:flutter_tools/src/runner/flutter_command_runner.dart:296:9)
<asynchronous suspension>
#12     AppContext.run.<anonymous closure> (package:flutter_tools/src/base/context.dart:150:19)
<asynchronous suspension>
#13     FlutterCommandRunner.runCommand (package:flutter_tools/src/runner/flutter_command_runner.dart:244:5)
<asynchronous suspension>
#14     run.<anonymous closure>.<anonymous closure> (package:flutter_tools/runner.dart:91:9)
<asynchronous suspension>
#15     AppContext.run.<anonymous closure> (package:flutter_tools/src/base/context.dart:150:19)
<asynchronous suspension>
#16     main (package:flutter_tools/executable.dart:91:3)
<asynchronous suspension>
```

## flutter doctor

```
[32m[✓][39m Flutter (Channel stable, 3.10.1, on Microsoft Windows [Version 10.0.22621.1702], locale en-SG)
    [32m•[39m Flutter version 3.10.1 on channel stable at C:\src\flutter
    [32m•[39m Upstream repository https://github.com/flutter/flutter.git
    [32m•[39m Framework revision d3d8effc68 (2 days ago), 2023-05-16 17:59:05 -0700
    [32m•[39m Engine revision b4fb11214d
    [32m•[39m Dart version 3.0.1
    [32m•[39m DevTools version 2.23.1

[32m[✓][39m Windows Version (Installed version of Windows is version 10 or higher)

[33m[!][39m Android toolchain - develop for Android devices (Android SDK version 33.0.2)
    [32m•[39m Android SDK at C:\Users\simki\AppData\Local\Android\sdk
    [31m✗[39m cmdline-tools component is missing
      Run `path/to/sdkmanager --install "cmdline-tools;latest"`
      See https://developer.android.com/studio/command-line for more details.
    [31m✗[39m Android license status unknown.
      Run `flutter doctor --android-licenses` to accept the SDK licenses.
      See https://flutter.dev/docs/get-started/install/windows#android-setup for more details.

[31m[✗][39m Chrome - develop for the web (Cannot find Chrome executable at
    .\Google\Chrome\Application\chrome.exe)
    [33m![39m Cannot find Chrome. Try setting CHROME_EXECUTABLE to a Chrome executable.

[31m[✗][39m Visual Studio - develop for Windows
    [31m✗[39m Visual Studio not installed; this is necessary for Windows development.
      Download at https://visualstudio.microsoft.com/downloads/.
      Please install the "Desktop development with C++" workload, including all of its default
      components

[32m[✓][39m Android Studio (version 2022.2)
    [32m•[39m Android Studio at C:\Program Files\Android\Android Studio
    [32m•[39m Flutter plugin can be installed from:
      🔨 https://plugins.jetbrains.com/plugin/9212-flutter
    [32m•[39m Dart plugin can be installed from:
      🔨 https://plugins.jetbrains.com/plugin/6351-dart
    [32m•[39m Java version OpenJDK Runtime Environment (build 17.0.6+0-b2043.56-9586694)

[32m[✓][39m VS Code (version 1.78.2)
    [32m•[39m VS Code at C:\Users\simki\AppData\Local\Programs\Microsoft VS Code
    [32m•[39m Flutter extension version 3.64.0

[32m[✓][39m Connected device (2 available)
    [32m•[39m Windows (desktop) • windows • windows-x64    • Microsoft Windows [Version 10.0.22621.1702]
    [32m•[39m Edge (web)        • edge    • web-javascript • Microsoft Edge 113.0.1774.42

[32m[✓][39m Network resources
    [32m•[39m All expected network resources are available.

[33m![39m Doctor found issues in 3 categories.
```
